<?xml version="1.0" encoding="UTF-8"?>
<testng-results ignored="0" total="1" passed="1" failed="0" skipped="0">
  <reporter-output>
  </reporter-output>
  <suite started-at="2026-02-17T22:17:41 IST" name="Default suite" finished-at="2026-02-17T22:17:45 IST" duration-ms="4107">
    <groups>
    </groups>
    <test started-at="2026-02-17T22:17:41 IST" name="Default test" finished-at="2026-02-17T22:17:45 IST" duration-ms="4107">
      <class name="ExtentReports.Rah.ExtentRep">
        <test-method is-config="true" signature="configdemo()[pri:0, instance:ExtentReports.Rah.ExtentRep@79079097]" started-at="2026-02-17T22:17:41 IST" name="configdemo" finished-at="2026-02-17T22:17:41 IST" duration-ms="465" status="PASS">
          <reporter-output>
          </reporter-output>
        </test-method> <!-- configdemo -->
        <test-method signature="initialDemo()[pri:0, instance:ExtentReports.Rah.ExtentRep@79079097]" started-at="2026-02-17T22:17:41 IST" name="initialDemo" finished-at="2026-02-17T22:17:45 IST" duration-ms="3583" status="PASS">
          <reporter-output>
          </reporter-output>
        </test-method> <!-- initialDemo -->
      </class> <!-- ExtentReports.Rah.ExtentRep -->
    </test> <!-- Default test -->
  </suite> <!-- Default suite -->
</testng-results>
